
> user-service@1.0.0 start
> node src/server.js

[17:58:10 UTC] INFO: MongoDB connected
{"level":"WARN","timestamp":"2025-07-09T17:58:10.887Z","logger":"kafkajs","message":"KafkaJS v2.0.0 switched default partitioner. To retain the same partitioning behavior as in previous versions, create the producer with the option \"createPartitioner: Partitioners.LegacyPartitioner\". See the migration guide at https://kafka.js.org/docs/migration-guide-v2.0.0#producer-new-default-partitioner for details. Silence this warning by setting the environment variable \"KAFKAJS_NO_PARTITIONER_WARNING=1\""}
[17:58:10 UTC] INFO: Kafka producer connected
[17:58:10 UTC] INFO: Server listening at http://127.0.0.1:3002
[05:54:58 UTC] INFO: incoming request
    reqId: "fbd3295f-5cb2-45fa-83c8-a695b9fdab30"
    req: {
      "method": "GET",
      "url": "/v1/users/f90a03c2-5892-4c66-ac74-da3bc21500f2",
      "hostname": "localhost:3002",
      "remoteAddress": "127.0.0.1",
      "remotePort": 55963
    }
[05:54:58 UTC] INFO: Logging activity on url /v1/users/f90a03c2-5892-4c66-ac74-da3bc21500f2, IP 127.0.0.1
    reqId: "fbd3295f-5cb2-45fa-83c8-a695b9fdab30"
    url: "/v1/users/f90a03c2-5892-4c66-ac74-da3bc21500f2"
    route: "/v1/users/:id"
    params: {
      "id": "f90a03c2-5892-4c66-ac74-da3bc21500f2"
    }
    query: {}
[05:54:58 UTC] INFO: request completed
    reqId: "fbd3295f-5cb2-45fa-83c8-a695b9fdab30"
    res: {
      "statusCode": 200
    }
    responseTime: 15.407790899276733
